<?xml version="1.0" encoding="UTF-8"?>
<!-- Generated by org.testng.reporters.JUnitReportReporter -->
<testsuite hostname="Nilam-KH" name="com.test.buildoffer.LoginTest" tests="5" failures="0" timestamp="18 Apr 2017 07:12:07 GMT" time="19.241" errors="0">
  <testcase name="getLoginTest" time="4.696" classname="com.test.buildoffer.LoginTest"/>
  <testcase name="getLoginTest" time="3.495" classname="com.test.buildoffer.LoginTest"/>
  <testcase name="getLoginTest" time="3.650" classname="com.test.buildoffer.LoginTest"/>
  <testcase name="getLoginTest" time="3.747" classname="com.test.buildoffer.LoginTest"/>
  <testcase name="getLoginTest" time="3.653" classname="com.test.buildoffer.LoginTest"/>
</testsuite> <!-- com.test.buildoffer.LoginTest -->
