<?xml version="1.0" encoding="UTF-8"?>
<!-- Generated by org.testng.reporters.JUnitReportReporter -->
<testsuite hostname="Nilam-KH" name="com.test.java.AppTest" tests="1" failures="0" timestamp="18 Apr 2017 07:12:07 GMT" time="0.001" errors="0">
  <testcase name="testApp" time="0.001" classname="com.test.java.AppTest"/>
</testsuite> <!-- com.test.java.AppTest -->
