<?xml version="1.0" encoding="UTF-8"?>
<!-- Generated by org.testng.reporters.JUnitReportReporter -->
<testsuite hostname="Nilam-KH" name="com.test.buildoffer.ExecuteBuildOffer1" tests="6" failures="0" timestamp="24 Apr 2017 03:23:04 GMT" time="200.545" errors="0">
  <testcase name="getBuildOffer1Test" time="33.586" classname="com.test.buildoffer.ExecuteBuildOffer1"/>
  <testcase name="getBuildOffer1Test" time="33.449" classname="com.test.buildoffer.ExecuteBuildOffer1"/>
  <testcase name="getBuildOffer1Test" time="32.770" classname="com.test.buildoffer.ExecuteBuildOffer1"/>
  <testcase name="getBuildOffer1Test" time="33.837" classname="com.test.buildoffer.ExecuteBuildOffer1"/>
  <testcase name="getBuildOffer1Test" time="33.933" classname="com.test.buildoffer.ExecuteBuildOffer1"/>
  <testcase name="getBuildOffer1Test" time="32.970" classname="com.test.buildoffer.ExecuteBuildOffer1"/>
</testsuite> <!-- com.test.buildoffer.ExecuteBuildOffer1 -->
