<?xml version="1.0" encoding="UTF-8"?>
<!-- Generated by org.testng.reporters.JUnitReportReporter -->
<testsuite hostname="Nilam-KH" name="com.test.buildoffer.ExecuteBuildOffer2" tests="2" failures="0" timestamp="24 Apr 2017 03:23:04 GMT" time="75.301" errors="0">
  <testcase name="getBuildOffer2Test" time="37.891" classname="com.test.buildoffer.ExecuteBuildOffer2"/>
  <testcase name="getBuildOffer2Test" time="37.410" classname="com.test.buildoffer.ExecuteBuildOffer2"/>
</testsuite> <!-- com.test.buildoffer.ExecuteBuildOffer2 -->
