<?xml version="1.0" encoding="UTF-8"?>
<!-- Generated by org.testng.reporters.JUnitReportReporter -->
<testsuite hostname="Nilam-KH" name="com.test.java.ExecuteBuildOffer2" tests="2" failures="0" timestamp="21 Apr 2017 10:41:36 GMT" time="76.693" errors="0">
  <testcase name="getBuildOffer2Test" time="38.691" classname="com.test.java.ExecuteBuildOffer2"/>
  <testcase name="getBuildOffer2Test" time="38.002" classname="com.test.java.ExecuteBuildOffer2"/>
</testsuite> <!-- com.test.java.ExecuteBuildOffer2 -->
