<?xml version="1.0" encoding="UTF-8"?>
<!-- Generated by org.testng.reporters.JUnitReportReporter -->
<testsuite hostname="Nilam-KH" name="com.test.buildoffer.LoginTest" tests="5" failures="0" timestamp="24 Apr 2017 03:23:04 GMT" time="19.374" errors="0">
  <testcase name="getLoginTest" time="3.577" classname="com.test.buildoffer.LoginTest"/>
  <testcase name="getLoginTest" time="3.498" classname="com.test.buildoffer.LoginTest"/>
  <testcase name="getLoginTest" time="4.792" classname="com.test.buildoffer.LoginTest"/>
  <testcase name="getLoginTest" time="3.796" classname="com.test.buildoffer.LoginTest"/>
  <testcase name="getLoginTest" time="3.711" classname="com.test.buildoffer.LoginTest"/>
</testsuite> <!-- com.test.buildoffer.LoginTest -->
