<?xml version="1.0" encoding="UTF-8"?>
<!-- Generated by org.testng.reporters.JUnitReportReporter -->
<testsuite hostname="Nilam-KH" name="com.test.java.LoginTest" tests="5" failures="0" timestamp="21 Apr 2017 10:41:36 GMT" time="19.102" errors="0">
  <testcase name="getLoginTest" time="3.535" classname="com.test.java.LoginTest"/>
  <testcase name="getLoginTest" time="3.446" classname="com.test.java.LoginTest"/>
  <testcase name="getLoginTest" time="4.725" classname="com.test.java.LoginTest"/>
  <testcase name="getLoginTest" time="3.729" classname="com.test.java.LoginTest"/>
  <testcase name="getLoginTest" time="3.667" classname="com.test.java.LoginTest"/>
</testsuite> <!-- com.test.java.LoginTest -->
