<?xml version="1.0" encoding="UTF-8"?>
<!-- Generated by org.testng.reporters.JUnitReportReporter -->
<testsuite hostname="Nilam-KH" name="com.test.java.ExecuteBuildOffer1" tests="6" failures="0" timestamp="21 Apr 2017 10:41:36 GMT" time="197.155" errors="0">
  <testcase name="getBuildOffer1Test" time="33.512" classname="com.test.java.ExecuteBuildOffer1"/>
  <testcase name="getBuildOffer1Test" time="32.363" classname="com.test.java.ExecuteBuildOffer1"/>
  <testcase name="getBuildOffer1Test" time="32.894" classname="com.test.java.ExecuteBuildOffer1"/>
  <testcase name="getBuildOffer1Test" time="33.252" classname="com.test.java.ExecuteBuildOffer1"/>
  <testcase name="getBuildOffer1Test" time="32.601" classname="com.test.java.ExecuteBuildOffer1"/>
  <testcase name="getBuildOffer1Test" time="32.533" classname="com.test.java.ExecuteBuildOffer1"/>
</testsuite> <!-- com.test.java.ExecuteBuildOffer1 -->
