<?xml version="1.0" encoding="UTF-8"?>
<!-- Generated by org.testng.reporters.JUnitReportReporter -->
<testsuite hostname="Nilam-KH" name="com.test.pricing.PricingPolicyDetailsTest" tests="4" failures="0" timestamp="24 Apr 2017 03:43:43 GMT" time="93.521" errors="0">
  <testcase name="getPricingTest" time="30.986" classname="com.test.pricing.PricingPolicyDetailsTest"/>
  <testcase name="getPricingTest" time="13.188" classname="com.test.pricing.PricingPolicyDetailsTest"/>
  <testcase name="getPricingTest" time="12.983" classname="com.test.pricing.PricingPolicyDetailsTest"/>
  <testcase name="getPricingTest" time="36.364" classname="com.test.pricing.PricingPolicyDetailsTest"/>
</testsuite> <!-- com.test.pricing.PricingPolicyDetailsTest -->
