<?xml version="1.0" encoding="UTF-8"?>
<!-- Generated by org.testng.reporters.JUnitReportReporter -->
<testsuite hostname="Nilam-KH" name="com.test.pricing.LoginTest" tests="5" failures="0" timestamp="19 Apr 2017 05:10:09 GMT" time="19.481" errors="0">
  <testcase name="getLoginTest" time="3.551" classname="com.test.pricing.LoginTest"/>
  <testcase name="getLoginTest" time="3.452" classname="com.test.pricing.LoginTest"/>
  <testcase name="getLoginTest" time="3.660" classname="com.test.pricing.LoginTest"/>
  <testcase name="getLoginTest" time="5.038" classname="com.test.pricing.LoginTest"/>
  <testcase name="getLoginTest" time="3.780" classname="com.test.pricing.LoginTest"/>
</testsuite> <!-- com.test.pricing.LoginTest -->
