<?xml version="1.0" encoding="UTF-8"?>
<!-- Generated by org.testng.reporters.JUnitReportReporter -->
<testsuite hostname="Nilam-KH" name="com.test.java.PricingPolicyDetailsTest" tests="4" failures="0" timestamp="21 Apr 2017 10:41:36 GMT" time="92.584" errors="0">
  <testcase name="getPricingTest" time="13.294" classname="com.test.java.PricingPolicyDetailsTest"/>
  <testcase name="getPricingTest" time="13.007" classname="com.test.java.PricingPolicyDetailsTest"/>
  <testcase name="getPricingTest" time="30.347" classname="com.test.java.PricingPolicyDetailsTest"/>
  <testcase name="getPricingTest" time="35.936" classname="com.test.java.PricingPolicyDetailsTest"/>
</testsuite> <!-- com.test.java.PricingPolicyDetailsTest -->
