<?xml version="1.0" encoding="UTF-8"?>
<!-- Generated by org.testng.reporters.JUnitReportReporter -->
<testsuite hostname="Nilam-KH" name="com.test.java.PricingTest3" tests="1" failures="0" timestamp="20 Apr 2017 14:16:20 GMT" time="15.051" errors="0">
  <testcase name="getPricingTest" time="15.051" classname="com.test.java.PricingTest3"/>
</testsuite> <!-- com.test.java.PricingTest3 -->
